<?xml version="1.0" encoding="UTF-8"?>
<!-- Generated by org.testng.reporters.JUnitReportReporter -->
<testsuite hostname="Laptop" failures="0" tests="3" name="testNG.FirstTestCase" time="0.014" errors="0" timestamp="2025-03-10T23:33:42 IST" skipped="0">
  <testcase classname="testNG.FirstTestCase" name="openApp" time="0.011"/>
  <system-out/>
  <testcase classname="testNG.FirstTestCase" name="login" time="0.002"/>
  <system-out/>
  <testcase classname="testNG.FirstTestCase" name="logout" time="0.001"/>
  <system-out/>
</testsuite> <!-- testNG.FirstTestCase -->
