<?xml version="1.0" encoding="UTF-8"?>
<!-- Generated by org.testng.reporters.JUnitReportReporter -->
<testsuite hostname="Laptop" failures="0" tests="1" name="pom.LoginTest" time="2.164" errors="0" timestamp="2025-03-18T18:27:33 IST" skipped="0">
  <testcase classname="pom.LoginTest" name="testLogin" time="2.164"/>
  <system-out/>
</testsuite> <!-- pom.LoginTest -->
