<?xml version="1.0" encoding="UTF-8"?>
<!-- Generated by org.testng.reporters.JUnitReportReporter -->
<testsuite hostname="Laptop" failures="0" tests="2" name="grouping.PaymentTest" time="0.014" errors="0" timestamp="2025-03-12T12:00:22 IST" skipped="0">
  <testcase classname="grouping.PaymentTest" name="paymentInRuppes" time="0.012"/>
  <system-out/>
  <testcase classname="grouping.PaymentTest" name="paymentInDollar" time="0.002"/>
  <system-out/>
</testsuite> <!-- grouping.PaymentTest -->
