<?xml version="1.0" encoding="UTF-8"?>
<!-- Generated by org.testng.reporters.JUnitReportReporter -->
<testsuite hostname="Laptop" failures="0" tests="3" name="grouping.LoginTest" time="0.015" errors="0" timestamp="2025-03-12T02:44:56 IST" skipped="0">
  <testcase classname="grouping.LoginTest" name="loginByEmail" time="0.012"/>
  <system-out/>
  <testcase classname="grouping.LoginTest" name="loginByFacebook" time="0.002"/>
  <system-out/>
  <testcase classname="grouping.LoginTest" name="loginByTwitter" time="0.001"/>
  <system-out/>
</testsuite> <!-- grouping.LoginTest -->
