<?xml version="1.0" encoding="UTF-8"?>
<!-- Generated by org.testng.reporters.JUnitReportReporter -->
<testsuite hostname="Laptop" failures="0" tests="1" name="testNG.HardAssertions" time="0.007" errors="0" timestamp="2025-03-11T02:21:04 IST" skipped="0">
  <testcase classname="testNG.HardAssertions" name="test" time="0.007"/>
  <system-out/>
</testsuite> <!-- testNG.HardAssertions -->
