<?xml version="1.0" encoding="UTF-8"?>
<!-- Generated by org.testng.reporters.JUnitReportReporter -->
<testsuite hostname="Laptop" failures="0" tests="3" name="grouping.SignUpTest" time="0.003" errors="0" timestamp="2025-03-12T02:38:32 IST" skipped="0">
  <testcase classname="grouping.SignUpTest" name="signUpByEmail" time="0.001"/>
  <system-out/>
  <testcase classname="grouping.SignUpTest" name="signUpByFacebook" time="0.001"/>
  <system-out/>
  <testcase classname="grouping.SignUpTest" name="signUpBytwitter" time="0.001"/>
  <system-out/>
</testsuite> <!-- grouping.SignUpTest -->
