<?xml version="1.0" encoding="UTF-8"?>
<!-- Generated by org.testng.reporters.JUnitReportReporter -->
<testsuite hostname="Laptop" failures="0" tests="1" name="pomUsingPageFactory.LoginTest" time="2.981" errors="0" timestamp="2025-03-18T18:42:53 IST" skipped="0">
  <testcase classname="pomUsingPageFactory.LoginTest" name="testLogin" time="2.981"/>
  <system-out/>
</testsuite> <!-- pomUsingPageFactory.LoginTest -->
