<?xml version="1.0" encoding="UTF-8"?>
<!-- Generated by org.testng.reporters.JUnitReportReporter -->
<testsuite hostname="Laptop" failures="0" tests="4" name="testNG.OrangeHRMTest" time="15.282" errors="0" timestamp="2025-03-10T23:33:42 IST" skipped="0">
  <testcase classname="testNG.OrangeHRMTest" name="openApp" time="11.178"/>
  <system-out/>
  <testcase classname="testNG.OrangeHRMTest" name="testLogo" time="3.122"/>
  <system-out/>
  <testcase classname="testNG.OrangeHRMTest" name="testLogin" time="0.595"/>
  <system-out/>
  <testcase classname="testNG.OrangeHRMTest" name="closeApp" time="0.387"/>
  <system-out/>
</testsuite> <!-- testNG.OrangeHRMTest -->
