<?xml version="1.0" encoding="UTF-8"?>
<!-- Generated by org.testng.reporters.JUnitReportReporter -->
<testsuite hostname="Laptop" failures="0" tests="2" name="testNG.BeforeAndAfterMethod" time="0.010" errors="0" timestamp="2025-03-11T01:10:39 IST" skipped="0">
  <testcase classname="testNG.BeforeAndAfterMethod" name="search" time="0.003"/>
  <system-out/>
  <testcase classname="testNG.BeforeAndAfterMethod" name="advancedSearch" time="0.007"/>
  <system-out/>
</testsuite> <!-- testNG.BeforeAndAfterMethod -->
