<?xml version="1.0" encoding="UTF-8"?>
<!-- Generated by org.testng.reporters.JUnitReportReporter -->
<testsuite hostname="Laptop" failures="0" tests="2" name="testNG.BeforeAndAfterClass" time="0.004" errors="0" timestamp="2025-03-11T01:18:03 IST" skipped="0">
  <testcase classname="testNG.BeforeAndAfterClass" name="search" time="0.004"/>
  <system-out/>
  <testcase classname="testNG.BeforeAndAfterClass" name="advancedSearch" time="0.000"/>
  <system-out/>
</testsuite> <!-- testNG.BeforeAndAfterClass -->
