<?xml version="1.0" encoding="UTF-8"?>
<!-- Generated by org.testng.reporters.JUnitReportReporter -->
<testsuite hostname="Laptop" failures="0" tests="2" name="grouping.PaymentTest" time="0.001" errors="0" timestamp="2025-03-12T02:42:45 IST" skipped="0">
  <testcase classname="grouping.PaymentTest" name="paymentInRuppes" time="0.001"/>
  <system-out/>
  <testcase classname="grouping.PaymentTest" name="paymentInDollar" time="0.000"/>
  <system-out/>
</testsuite> <!-- grouping.PaymentTest -->
