<?xml version="1.0" encoding="UTF-8"?>
<!-- Generated by org.testng.reporters.JUnitReportReporter -->
<testsuite hostname="Laptop" failures="0" tests="2" name="threadSafetyConcept.DriverTest1" time="5.782" errors="0" timestamp="2025-05-27T18:57:03 IST" skipped="0">
  <testcase classname="threadSafetyConcept.DriverTest1" name="mytest1" time="3.230"/>
  <system-out/>
  <testcase classname="threadSafetyConcept.DriverTest1" name="mytest2" time="2.552"/>
  <system-out/>
</testsuite> <!-- threadSafetyConcept.DriverTest1 -->
