<?xml version="1.0" encoding="UTF-8"?>
<!-- Generated by org.testng.reporters.JUnitReportReporter -->
<testsuite hostname="Laptop" failures="0" tests="3" name="testNGListener.OrangeHRMTest" time="0.176" errors="0" timestamp="2025-03-13T01:47:27 IST" skipped="0">
  <testcase classname="testNGListener.OrangeHRMTest" name="testLogo" time="0.131"/>
  <system-out/>
  <testcase classname="testNGListener.OrangeHRMTest" name="testappUrl" time="0.028"/>
  <system-out/>
  <testcase classname="testNGListener.OrangeHRMTest" name="testHomePageTitle" time="0.017"/>
  <system-out/>
</testsuite> <!-- testNGListener.OrangeHRMTest -->
