<?xml version="1.0" encoding="UTF-8"?>
<!-- Generated by org.testng.reporters.JUnitReportReporter -->
<testsuite hostname="Laptop" failures="0" tests="2" name="beforTestAndAfterTest.C3" time="0.002" errors="0" timestamp="2025-03-11T01:58:47 IST" skipped="0">
  <testcase classname="beforTestAndAfterTest.C3" name="pqr" time="0.000"/>
  <system-out/>
  <testcase classname="beforTestAndAfterTest.C3" name="pqr" time="0.002"/>
  <system-out/>
</testsuite> <!-- beforTestAndAfterTest.C3 -->
