<?xml version="1.0" encoding="UTF-8"?>
<!-- Generated by org.testng.reporters.JUnitReportReporter -->
<testsuite hostname="Laptop" failures="0" tests="2" name="beforTestAndAfterTest.C1" time="0.006" errors="0" timestamp="2025-03-11T01:58:47 IST" skipped="0">
  <testcase classname="beforTestAndAfterTest.C1" name="abc" time="0.001"/>
  <system-out/>
  <testcase classname="beforTestAndAfterTest.C1" name="abc" time="0.005"/>
  <system-out/>
</testsuite> <!-- beforTestAndAfterTest.C1 -->
